<?xml version="1.0" encoding="UTF-8"?>
<!-- Generated by org.testng.reporters.JUnitXMLReporter -->
<testsuite ignored="4" hostname="DESKTOP-ELO001E" failures="0" tests="3" name="Test2" time="157.455" errors="0" timestamp="2023-08-08T17:02:17 IST">
  <testcase classname="com.TestNG.BookTourTest" name="bookTour" time="10.113"/>
  <testcase classname="com.TestNG.WriteUsIssueTest" name="writeUs" time="5.999"/>
  <testcase classname="com.TestNG.BookingTourCancelTest" name="bookCancel" time="19.167"/>
  <testcase classname="com.tms.GenericUtility.BaseClass" name="@AfterSuite closeDB" time="0.0">
    <ignored/>
  </testcase> <!-- @AfterSuite closeDB -->
  <testcase classname="com.tms.GenericUtility.BaseClass" name="@AfterSuite closeDB" time="0.0">
    <ignored/>
  </testcase> <!-- @AfterSuite closeDB -->
  <testcase classname="com.tms.GenericUtility.BaseClass" name="@BeforeSuite ConnectDB" time="0.0">
    <ignored/>
  </testcase> <!-- @BeforeSuite ConnectDB -->
  <testcase classname="com.tms.GenericUtility.BaseClass" name="@BeforeSuite ConnectDB" time="0.0">
    <ignored/>
  </testcase> <!-- @BeforeSuite ConnectDB -->
</testsuite> <!-- Test2 -->
